<?xml version="1.0" encoding="UTF-8"?>
<testsuite name="StringCalculatorTest" tests="8" skipped="0" failures="0" errors="0" timestamp="2022-11-01T16:38:02" hostname="PSOFKA0224" time="0.037">
  <properties/>
  <testcase name="negativeNumbersThrowsAnExceptionTest()" classname="StringCalculatorTest" time="0.027"/>
  <testcase name="singleCharDelimiterTest()" classname="StringCalculatorTest" time="0.002"/>
  <testcase name="sameThatBeforeButNewLineDelimitedTest()" classname="StringCalculatorTest" time="0.001"/>
  <testcase name="sameThatBeforeButAllDelimitersWorksTest()" classname="StringCalculatorTest" time="0.001"/>
  <testcase name="emptyStringTest()" classname="StringCalculatorTest" time="0.0"/>
  <testcase name="twoNumbersCommaDelimitedReturnsTheSumTest()" classname="StringCalculatorTest" time="0.0"/>
  <testcase name="greaterThan1000AreIgnoredTest()" classname="StringCalculatorTest" time="0.001"/>
  <testcase name="singleNumberReturnItsValueTest()" classname="StringCalculatorTest" time="0.001"/>
  <system-out><![CDATA[]]></system-out>
  <system-err><![CDATA[]]></system-err>
</testsuite>
